<?xml version="1.0" encoding="UTF-8"?>
<testsuite name="me.leoo.springboot.libri.LibreriaApplicationTests" tests="1" skipped="0" failures="0" errors="0" timestamp="2025-07-18T17:49:09.826Z" hostname="DESKTOP-5BL9HJ6" time="0.316">
  <properties/>
  <testcase name="contextLoads()" classname="me.leoo.springboot.libri.LibreriaApplicationTests" time="0.316"/>
  <system-out><![CDATA[19:49:06.072 [Test worker] INFO org.springframework.test.context.support.AnnotationConfigContextLoaderUtils -- Could not detect default configuration classes for test class [me.leoo.springboot.libri.LibreriaApplicationTests]: LibreriaApplicationTests does not declare any static, non-private, non-final, nested classes annotated with @Configuration.
19:49:06.153 [Test worker] INFO org.springframework.boot.test.context.SpringBootTestContextBootstrapper -- Found @SpringBootConfiguration me.leoo.springboot.libri.LibreriaApplication for test class me.leoo.springboot.libri.LibreriaApplicationTests

  .   ____          _            __ _ _
 /\\ / ___'_ __ _ _(_)_ __  __ _ \ \ \ \
( ( )\___ | '_ | '_| | '_ \/ _` | \ \ \ \
 \\/  ___)| |_)| | | | | || (_| |  ) ) ) )
  '  |____| .__|_| |_|_| |_\__, | / / / /
 =========|_|==============|___/=/_/_/_/

 :: Spring Boot ::                (v3.4.4)

2025-07-18T19:49:06.400+02:00  INFO 161288 --- [Libreria] [    Test worker] m.l.s.libri.LibreriaApplicationTests     : Starting LibreriaApplicationTests using Java 17.0.9 with PID 161288 (started by Leo Bernese in C:\Users\Leo Bernese\IdeaProjects\Libreria)
2025-07-18T19:49:06.401+02:00  INFO 161288 --- [Libreria] [    Test worker] m.l.s.libri.LibreriaApplicationTests     : No active profile set, falling back to 1 default profile: "default"
2025-07-18T19:49:06.857+02:00  INFO 161288 --- [Libreria] [    Test worker] .s.d.r.c.RepositoryConfigurationDelegate : Bootstrapping Spring Data JPA repositories in DEFAULT mode.
2025-07-18T19:49:06.908+02:00  INFO 161288 --- [Libreria] [    Test worker] .s.d.r.c.RepositoryConfigurationDelegate : Finished Spring Data repository scanning in 45 ms. Found 9 JPA repository interfaces.
2025-07-18T19:49:07.210+02:00  INFO 161288 --- [Libreria] [    Test worker] o.hibernate.jpa.internal.util.LogHelper  : HHH000204: Processing PersistenceUnitInfo [name: default]
2025-07-18T19:49:07.255+02:00  INFO 161288 --- [Libreria] [    Test worker] org.hibernate.Version                    : HHH000412: Hibernate ORM core version 6.6.11.Final
2025-07-18T19:49:07.283+02:00  INFO 161288 --- [Libreria] [    Test worker] o.h.c.internal.RegionFactoryInitiator    : HHH000026: Second-level cache disabled
2025-07-18T19:49:07.471+02:00  INFO 161288 --- [Libreria] [    Test worker] o.s.o.j.p.SpringPersistenceUnitInfo      : No LoadTimeWeaver setup: ignoring JPA class transformer
2025-07-18T19:49:07.494+02:00  INFO 161288 --- [Libreria] [    Test worker] com.zaxxer.hikari.HikariDataSource       : HikariPool-1 - Starting...
2025-07-18T19:49:07.590+02:00  INFO 161288 --- [Libreria] [    Test worker] com.zaxxer.hikari.pool.HikariPool        : HikariPool-1 - Added connection com.mysql.cj.jdbc.ConnectionImpl@2d459bda
2025-07-18T19:49:07.591+02:00  INFO 161288 --- [Libreria] [    Test worker] com.zaxxer.hikari.HikariDataSource       : HikariPool-1 - Start completed.
2025-07-18T19:49:07.617+02:00  WARN 161288 --- [Libreria] [    Test worker] org.hibernate.dialect.Dialect            : HHH000511: The 5.5.5 version for [org.hibernate.dialect.MySQLDialect] is no longer supported, hence certain features may not work properly. The minimum supported version is 8.0.0. Check the community dialects project for available legacy versions.
2025-07-18T19:49:07.620+02:00  WARN 161288 --- [Libreria] [    Test worker] org.hibernate.orm.deprecation            : HHH90000025: MySQLDialect does not need to be specified explicitly using 'hibernate.dialect' (remove the property setting and it will be selected by default)
2025-07-18T19:49:07.634+02:00  INFO 161288 --- [Libreria] [    Test worker] org.hibernate.orm.connections.pooling    : HHH10001005: Database info:
	Database JDBC URL [Connecting through datasource 'HikariDataSource (HikariPool-1)']
	Database driver: undefined/unknown
	Database version: 5.5.5
	Autocommit mode: undefined/unknown
	Isolation level: undefined/unknown
	Minimum pool size: undefined/unknown
	Maximum pool size: undefined/unknown
2025-07-18T19:49:08.393+02:00  INFO 161288 --- [Libreria] [    Test worker] o.h.e.t.j.p.i.JtaPlatformInitiator       : HHH000489: No JTA platform available (set 'hibernate.transaction.jta.platform' to enable JTA platform integration)
2025-07-18T19:49:08.526+02:00  INFO 161288 --- [Libreria] [    Test worker] j.LocalContainerEntityManagerFactoryBean : Initialized JPA EntityManagerFactory for persistence unit 'default'
2025-07-18T19:49:08.749+02:00  INFO 161288 --- [Libreria] [    Test worker] o.s.d.j.r.query.QueryEnhancerFactory     : Hibernate is in classpath; If applicable, HQL parser will be used.
2025-07-18T19:49:09.282+02:00  INFO 161288 --- [Libreria] [    Test worker] r$InitializeUserDetailsManagerConfigurer : Global AuthenticationManager configured with UserDetailsService bean with name utenteService
2025-07-18T19:49:09.303+02:00  WARN 161288 --- [Libreria] [    Test worker] JpaBaseConfiguration$JpaWebConfiguration : spring.jpa.open-in-view is enabled by default. Therefore, database queries may be performed during view rendering. Explicitly configure spring.jpa.open-in-view to disable this warning
2025-07-18T19:49:09.367+02:00  INFO 161288 --- [Libreria] [    Test worker] o.s.b.a.w.s.WelcomePageHandlerMapping    : Adding welcome page: class path resource [static/index.html]
2025-07-18T19:49:09.517+02:00  WARN 161288 --- [Libreria] [    Test worker] thorizationManagerRequestMatcherRegistry : One of the patterns in [/api/utenti/current, /api/carrello/**, /api/buono/**, /api/ordini/**, api/resi/**, /api/wishlist/**] is missing a leading slash. This is discouraged; please include the leading slash in all your request matcher patterns. In future versions of Spring Security, leaving out the leading slash will result in an exception.
2025-07-18T19:49:09.738+02:00  INFO 161288 --- [Libreria] [    Test worker] m.l.s.libri.LibreriaApplicationTests     : Started LibreriaApplicationTests in 3.487 seconds (process running for 4.207)
Libri già caricati nel database, salto il caricamento
]]></system-out>
  <system-err><![CDATA[]]></system-err>
</testsuite>
